<?xml version="1.0" encoding="UTF-8"?>
<testng-results skipped="0" failed="0" ignored="0" total="1" passed="1">
  <reporter-output>
  </reporter-output>
  <suite name="Default suite" duration-ms="57" started-at="2024-04-29T04:48:17Z" finished-at="2024-04-29T04:48:17Z">
    <groups>
    </groups>
    <test name="Default test" duration-ms="57" started-at="2024-04-29T04:48:17Z" finished-at="2024-04-29T04:48:17Z">
      <class name="ord.mainclass.Maincode">
        <test-method status="PASS" signature="test1()[pri:0, instance:ord.mainclass.Maincode@73846619]" name="test1" duration-ms="15" started-at="2024-04-29T04:48:17Z" finished-at="2024-04-29T04:48:17Z">
          <reporter-output>
          </reporter-output>
        </test-method> <!-- test1 -->
      </class> <!-- ord.mainclass.Maincode -->
    </test> <!-- Default test -->
  </suite> <!-- Default suite -->
</testng-results>
